#
# A fatal error has been detected by the Java Runtime Environment:
#
#  EXCEPTION_ACCESS_VIOLATION (0xc0000005) at pc=0x6f697461, pid=8012, tid=7048
#
# JRE version: 6.0_16-b01
# Java VM: Java HotSpot(TM) Client VM (14.2-b01 mixed mode windows-x86 )
# Problematic frame:
# C  0x6f697461
#
# If you would like to submit a bug report, please visit:
#   http://java.sun.com/webapps/bugreport/crash.jsp
# The crash happened outside the Java Virtual Machine in native code.
# See problematic frame for where to report the bug.
#

---------------  T H R E A D  ---------------

Current thread (0x10a2b400):  JavaThread "Thread-1964" [_thread_in_native, id=7048, stack(0x00470000,0x004c0000)]

siginfo: ExceptionCode=0xc0000005, reading address 0x6f697461

Registers:
EAX=0x6120726f, EBX=0x6d9a6550, ECX=0x764f8b70, EDX=0x6120726f
ESP=0x004bf500, EBP=0x63696c70, ESI=0x0cc9f1d0, EDI=0x10a2b400
EIP=0x6f697461, EFLAGS=0x00010216

Top of Stack: (sp=0x004bf500)
0x004bf500:   6572206e 73657571 0a0d2e74 4834000a
0x004bf510:   004bf538 764face0 abababab 77e1e6ac
0x004bf520:   764facfa 00000d6c 00000d6c 764fad0f
0x004bf530:   77e1e5fc b3ae2059 004bf558 765851b7
0x004bf540:   00000d6c 0cc9f1d0 10a2b400 6d9a6550
0x004bf550:   00000000 00000004 004bf7d8 114e5169
0x004bf560:   00000b74 004bf7d4 004bf5a8 022e02cb
0x004bf570:   00000001 6d99c844 00001f80 022e02cb 

Instructions: (pc=0x6f697461)
0x6f697451:   
[error occurred during error reporting (printing registers, top of stack, instructions near pc), id 0xc0000005]

Stack: [0x00470000,0x004c0000],  sp=0x004bf500,  free space=317k
Native frames: (J=compiled Java code, j=interpreted, Vv=VM code, C=native code)
C  0x6f697461

[error occurred during error reporting (printing native stack), id 0xc0000005]

Java frames: (J=compiled Java code, j=interpreted, Vv=VM code)
j  gnu.io.RXTXPort.eventLoop()V+0
j  gnu.io.RXTXPort$MonitorThread.run()V+12
v  ~StubRoutines::call_stub

---------------  P R O C E S S  ---------------

Java Threads: ( => current thread )
=>0x10a2b400 JavaThread "Thread-1964" [_thread_in_native, id=7048, stack(0x00470000,0x004c0000)]
  0x00779000 JavaThread "DestroyJavaVM" [_thread_blocked, id=3844, stack(0x006b0000,0x00700000)]
  0x10b31400 JavaThread "TimerQueue" daemon [_thread_blocked, id=4460, stack(0x11570000,0x115c0000)]
  0x10aa1000 JavaThread "AWT-EventQueue-0" [_thread_blocked, id=3112, stack(0x11490000,0x114e0000)]
  0x104b7000 JavaThread "AWT-Windows" daemon [_thread_in_native, id=8188, stack(0x10e70000,0x10ec0000)]
  0x10a98800 JavaThread "AWT-Shutdown" [_thread_blocked, id=6304, stack(0x10db0000,0x10e00000)]
  0x10a98000 JavaThread "Java2D Disposer" daemon [_thread_blocked, id=1472, stack(0x10d20000,0x10d70000)]
  0x1047c000 JavaThread "Low Memory Detector" daemon [_thread_blocked, id=10036, stack(0x108a0000,0x108f0000)]
  0x1046e800 JavaThread "CompilerThread0" daemon [_thread_blocked, id=9660, stack(0x10810000,0x10860000)]
  0x1046e000 JavaThread "Attach Listener" daemon [_thread_blocked, id=2472, stack(0x10780000,0x107d0000)]
  0x10468800 JavaThread "Signal Dispatcher" daemon [_thread_blocked, id=6420, stack(0x106f0000,0x10740000)]
  0x10449800 JavaThread "Finalizer" daemon [_thread_blocked, id=2440, stack(0x10660000,0x106b0000)]
  0x10448400 JavaThread "Reference Handler" daemon [_thread_blocked, id=6644, stack(0x105d0000,0x10620000)]

Other Threads:
  0x10444800 VMThread [stack: 0x10540000,0x10590000] [id=7484]
  0x1047f000 WatcherThread [stack: 0x10930000,0x10980000] [id=8000]

VM state:not at safepoint (normal execution)

VM Mutex/Monitor currently owned by a thread: None

Heap
 def new generation   total 9088K, used 3803K [0x04360000, 0x04d30000, 0x04d30000)
  eden space 8128K,  40% used [0x04360000, 0x04696628, 0x04b50000)
  from space 960K,  53% used [0x04c40000, 0x04cc0688, 0x04d30000)
  to   space 960K,   0% used [0x04b50000, 0x04b50000, 0x04c40000)
 tenured generation   total 121024K, used 66058K [0x04d30000, 0x0c360000, 0x0c360000)
   the space 121024K,  54% used [0x04d30000, 0x08db2be0, 0x08db2c00, 0x0c360000)
 compacting perm gen  total 12544K, used 12314K [0x0c360000, 0x0cfa0000, 0x10360000)
   the space 12544K,  98% used [0x0c360000, 0x0cf66938, 0x0cf66a00, 0x0cfa0000)
No shared spaces configured.

Dynamic libraries:
0x00400000 - 0x00424000 	C:\projects\arduino-1.0.5-r2\java\bin\javaw.exe
0x77db0000 - 0x77f33000 	C:\WINDOWS\SYSTEM32\ntdll.dll
0x76b20000 - 0x76c00000 	C:\WINDOWS\System32\KERNEL32.DLL
0x76430000 - 0x765d1000 	C:\WINDOWS\System32\KERNELBASE.dll
0x773a0000 - 0x77417000 	C:\WINDOWS\System32\ADVAPI32.dll
0x77490000 - 0x7754e000 	C:\WINDOWS\System32\msvcrt.dll
0x76870000 - 0x768b1000 	C:\WINDOWS\System32\sechost.dll
0x76960000 - 0x76a21000 	C:\WINDOWS\System32\RPCRT4.dll
0x74870000 - 0x7488e000 	C:\WINDOWS\System32\SspiCli.dll
0x74860000 - 0x7486a000 	C:\WINDOWS\System32\CRYPTBASE.dll
0x76160000 - 0x761ba000 	C:\WINDOWS\System32\bcryptPrimitives.dll
0x75e40000 - 0x75f9f000 	C:\WINDOWS\System32\USER32.dll
0x76940000 - 0x76955000 	C:\WINDOWS\System32\win32u.dll
0x76090000 - 0x760bb000 	C:\WINDOWS\System32\GDI32.dll
0x74900000 - 0x74a5b000 	C:\WINDOWS\System32\gdi32full.dll
0x77460000 - 0x77485000 	C:\WINDOWS\System32\IMM32.DLL
0x7c340000 - 0x7c396000 	C:\projects\arduino-1.0.5-r2\java\bin\msvcr71.dll
0x6d8b0000 - 0x6db3b000 	C:\projects\arduino-1.0.5-r2\java\bin\client\jvm.dll
0x70330000 - 0x70354000 	C:\WINDOWS\SYSTEM32\WINMM.dll
0x00600000 - 0x00623000 	C:\WINDOWS\SYSTEM32\WINMMBASE.dll
0x77420000 - 0x77456000 	C:\WINDOWS\System32\cfgmgr32.dll
0x66290000 - 0x66322000 	C:\WINDOWS\system32\apphelp.dll
0x6d860000 - 0x6d86c000 	C:\projects\arduino-1.0.5-r2\java\bin\verify.dll
0x6d3e0000 - 0x6d3ff000 	C:\projects\arduino-1.0.5-r2\java\bin\java.dll
0x6d340000 - 0x6d348000 	C:\projects\arduino-1.0.5-r2\java\bin\hpi.dll
0x76c30000 - 0x76c36000 	C:\WINDOWS\System32\PSAPI.DLL
0x6d8a0000 - 0x6d8af000 	C:\projects\arduino-1.0.5-r2\java\bin\zip.dll
0x74170000 - 0x74183000 	C:\WINDOWS\SYSTEM32\CRYPTSP.dll
0x74140000 - 0x7416f000 	C:\WINDOWS\system32\rsaenh.dll
0x74310000 - 0x7432b000 	C:\WINDOWS\SYSTEM32\bcrypt.dll
0x74840000 - 0x7485a000 	C:\WINDOWS\SYSTEM32\USERENV.dll
0x766e0000 - 0x767c0000 	C:\WINDOWS\System32\ucrtbase.dll
0x779b0000 - 0x779bf000 	C:\WINDOWS\System32\profapi.dll
0x6d6c0000 - 0x6d6d3000 	C:\projects\arduino-1.0.5-r2\java\bin\net.dll
0x74890000 - 0x748f3000 	C:\WINDOWS\System32\WS2_32.dll
0x73f10000 - 0x73f5e000 	C:\WINDOWS\system32\mswsock.dll
0x68810000 - 0x68822000 	C:\WINDOWS\system32\napinsp.dll
0x687d0000 - 0x687e6000 	C:\WINDOWS\system32\pnrpnsp.dll
0x687b0000 - 0x687c4000 	C:\WINDOWS\system32\NLAapi.dll
0x73e90000 - 0x73f0d000 	C:\WINDOWS\SYSTEM32\DNSAPI.dll
0x76860000 - 0x76867000 	C:\WINDOWS\System32\NSI.dll
0x740e0000 - 0x7410f000 	C:\WINDOWS\SYSTEM32\IPHLPAPI.DLL
0x68510000 - 0x6851c000 	C:\WINDOWS\System32\winrnr.dll
0x683d0000 - 0x683e1000 	C:\WINDOWS\System32\wshbth.dll
0x73e30000 - 0x73e38000 	C:\Windows\System32\rasadhlp.dll
0x73e40000 - 0x73e89000 	C:\WINDOWS\System32\fwpuclnt.dll
0x10b80000 - 0x10bcc000 	C:\Users\Raul Mendoza\AppData\Local\Temp\jna4095037523336059770.tmp
0x6d0b0000 - 0x6d1fa000 	C:\projects\arduino-1.0.5-r2\java\bin\awt.dll
0x75fa0000 - 0x7608a000 	C:\WINDOWS\System32\ole32.dll
0x77a50000 - 0x77c61000 	C:\WINDOWS\System32\combase.dll
0x73dc0000 - 0x73e2a000 	C:\WINDOWS\SYSTEM32\WINSPOOL.DRV
0x67440000 - 0x676a4000 	C:\WINDOWS\AppPatch\AcGenral.DLL
0x76630000 - 0x76676000 	C:\WINDOWS\System32\SHLWAPI.dll
0x767c0000 - 0x76854000 	C:\WINDOWS\System32\OLEAUT32.dll
0x768c0000 - 0x7693b000 	C:\WINDOWS\System32\msvcp_win.dll
0x70270000 - 0x702e5000 	C:\WINDOWS\SYSTEM32\UxTheme.dll
0x69520000 - 0x69535000 	C:\WINDOWS\SYSTEM32\samcli.dll
0x74a60000 - 0x75e39000 	C:\WINDOWS\System32\SHELL32.dll
0x73cb0000 - 0x73cb8000 	C:\WINDOWS\SYSTEM32\VERSION.dll
0x693b0000 - 0x693c8000 	C:\WINDOWS\SYSTEM32\MSACM32.dll
0x76e30000 - 0x7739e000 	C:\WINDOWS\System32\windows.storage.dll
0x765e0000 - 0x76625000 	C:\WINDOWS\System32\powrprof.dll
0x76e20000 - 0x76e2d000 	C:\WINDOWS\System32\kernel.appcore.dll
0x779c0000 - 0x77a48000 	C:\WINDOWS\System32\shcore.dll
0x70030000 - 0x7004f000 	C:\WINDOWS\SYSTEM32\dwmapi.dll
0x68ff0000 - 0x69184000 	C:\WINDOWS\SYSTEM32\urlmon.dll
0x69390000 - 0x693a6000 	C:\WINDOWS\SYSTEM32\MPR.dll
0x68da0000 - 0x68fc9000 	C:\WINDOWS\SYSTEM32\iertutil.dll
0x6f380000 - 0x6f58a000 	C:\WINDOWS\WinSxS\x86_microsoft.windows.common-controls_6595b64144ccf1df_6.0.14393.953_none_89c2555adb023171\comctl32.dll
0x77c70000 - 0x77da5000 	C:\WINDOWS\System32\MSCTF.dll
0x6d2e0000 - 0x6d334000 	C:\projects\arduino-1.0.5-r2\java\bin\fontmanager.dll
0x6d6e0000 - 0x6d6e9000 	C:\projects\arduino-1.0.5-r2\java\bin\nio.dll
0x763a0000 - 0x76424000 	C:\WINDOWS\System32\clbcatq.dll
0x68d50000 - 0x68d94000 	C:\WINDOWS\system32\dataexchange.dll
0x68b20000 - 0x68d50000 	C:\WINDOWS\system32\d3d11.dll
0x68a00000 - 0x68b13000 	C:\WINDOWS\system32\dcomp.dll
0x68970000 - 0x689f3000 	C:\WINDOWS\system32\dxgi.dll
0x68870000 - 0x68961000 	C:\WINDOWS\system32\twinapi.appcore.dll
0x114e0000 - 0x114f2000 	C:\projects\arduino-1.0.5-r2\rxtxSerial.dll
0x11500000 - 0x11527000 	C:\WINDOWS\SYSTEM32\crtdll.dll
0x76a30000 - 0x76b15000 	C:\WINDOWS\System32\COMDLG32.DLL
0x53dd0000 - 0x53e4b000 	C:\Program Files (x86)\Common Files\microsoft shared\ink\tiptsf.dll
0x57d50000 - 0x57d8d000 	C:\WINDOWS\SYSTEM32\edputil.dll
0x68640000 - 0x687ae000 	C:\WINDOWS\SYSTEM32\WindowsCodecs.dll
0x53d80000 - 0x53dc3000 	C:\Windows\System32\thumbcache.dll
0x741c0000 - 0x7430f000 	C:\WINDOWS\system32\propsys.dll
0x693d0000 - 0x69491000 	C:\WINDOWS\SYSTEM32\ntshrui.dll
0x69550000 - 0x6956c000 	C:\WINDOWS\SYSTEM32\srvcli.dll
0x6fa10000 - 0x6fa1f000 	C:\WINDOWS\SYSTEM32\cscapi.dll
0x53cf0000 - 0x53d75000 	C:\WINDOWS\System32\StructuredQuery.dll
0x53c20000 - 0x53c32000 	C:\WINDOWS\system32\mssprxy.dll
0x65b30000 - 0x65cb6000 	C:\Windows\System32\ActXPrxy.dll
0x74130000 - 0x7413a000 	C:\WINDOWS\SYSTEM32\Secur32.dll
0x53bc0000 - 0x53bda000 	C:\WINDOWS\SYSTEM32\SAMLIB.dll
0x73d50000 - 0x73d5b000 	C:\WINDOWS\SYSTEM32\netutils.dll
0x53ba0000 - 0x53bb2000 	C:\WINDOWS\System32\ntlanman.dll
0x53b90000 - 0x53b99000 	C:\WINDOWS\System32\drprov.dll
0x747e0000 - 0x74823000 	C:\WINDOWS\System32\WINSTA.dll
0x53b70000 - 0x53b8a000 	C:\WINDOWS\System32\davclnt.dll
0x53b60000 - 0x53b6b000 	C:\WINDOWS\System32\DAVHLPR.dll
0x73d60000 - 0x73d70000 	C:\WINDOWS\System32\wkscli.dll
0x53b10000 - 0x53b52000 	C:\Windows\System32\dlnashext.dll
0x510e0000 - 0x512cf000 	C:\WINDOWS\system32\wpdshext.dll
0x6f210000 - 0x6f379000 	C:\WINDOWS\WinSxS\x86_microsoft.windows.gdiplus_6595b64144ccf1df_1.1.14393.953_none_baad48403594ab3f\gdiplus.dll
0x51050000 - 0x510d3000 	C:\Windows\System32\PortableDeviceApi.dll
0x775a0000 - 0x779ab000 	C:\WINDOWS\System32\SETUPAPI.dll
0x747b0000 - 0x747d2000 	C:\WINDOWS\System32\DEVOBJ.dll
0x77550000 - 0x77594000 	C:\WINDOWS\System32\WINTRUST.dll
0x76c00000 - 0x76c0e000 	C:\WINDOWS\System32\MSASN1.dll
0x76c40000 - 0x76dbd000 	C:\WINDOWS\System32\CRYPT32.dll
0x51000000 - 0x51042000 	C:\WINDOWS\system32\audiodev.dll
0x50dd0000 - 0x50ff4000 	C:\WINDOWS\system32\WMVCore.DLL
0x50d80000 - 0x50dc4000 	C:\WINDOWS\system32\WMASF.DLL
0x62510000 - 0x62619000 	C:\WINDOWS\system32\mfperfhelper.dll
0x65dc0000 - 0x65ed3000 	C:\WINDOWS\SYSTEM32\MFPlat.DLL
0x663b0000 - 0x663da000 	C:\WINDOWS\SYSTEM32\RTWorkQ.DLL
0x5e960000 - 0x5e9ae000 	C:\WINDOWS\system32\Ninput.dll

VM Arguments:
jvm_args: -Xms128m -Xmx128m 
java_command: processing.app.Base
Launcher Type: SUN_STANDARD

Environment Variables:
PATH=C:\Program Files (x86)\Intel\iCLS Client\;C:\Program Files\Intel\iCLS Client\;C:\WINDOWS\system32;C:\WINDOWS;C:\WINDOWS\System32\Wbem;C:\WINDOWS\System32\WindowsPowerShell\v1.0\;C:\Program Files (x86)\Intel\Intel(R) Management Engine Components\DAL;C:\Program Files\Intel\Intel(R) Management Engine Components\DAL;C:\Program Files (x86)\Intel\Intel(R) Management Engine Components\IPT;C:\Program Files\Intel\Intel(R) Management Engine Components\IPT;C:\Users\Raul Mendoza\AppData\Local\Microsoft\WindowsApps;;C:\projects\arduino-1.0.5-r2\java\bin
USERNAME=Raul Mendoza
OS=Windows_NT
PROCESSOR_IDENTIFIER=Intel64 Family 6 Model 78 Stepping 3, GenuineIntel



---------------  S Y S T E M  ---------------

OS: Windows NT 6.2 Build 9200 

CPU:total 4 (8 cores per cpu, 2 threads per core) family 6 model 78 stepping 3, cmov, cx8, fxsr, mmx, sse, sse2, sse3, ssse3, sse4.1, sse4.2, ht

Memory: 4k page, physical 2097151k(2097151k free), swap 4194303k(4194303k free)

vm_info: Java HotSpot(TM) Client VM (14.2-b01) for windows-x86 JRE (1.6.0_16-b01), built on Jul 31 2009 11:26:58 by "java_re" with MS VC++ 7.1

time: Mon Apr 10 11:57:19 2017
elapsed time: 1178995 seconds

