#
# A fatal error has been detected by the Java Runtime Environment:
#
#  EXCEPTION_ACCESS_VIOLATION (0xc0000005) at pc=0x6f697461, pid=868, tid=2152
#
# JRE version: 6.0_16-b01
# Java VM: Java HotSpot(TM) Client VM (14.2-b01 mixed mode windows-x86 )
# Problematic frame:
# C  0x6f697461
#
# If you would like to submit a bug report, please visit:
#   http://java.sun.com/webapps/bugreport/crash.jsp
# The crash happened outside the Java Virtual Machine in native code.
# See problematic frame for where to report the bug.
#

---------------  T H R E A D  ---------------

Current thread (0x11d04800):  JavaThread "Thread-233" [_thread_in_native, id=2152, stack(0x00470000,0x004c0000)]

siginfo: ExceptionCode=0xc0000005, reading address 0x6f697461

Registers:
EAX=0x6120726f, EBX=0x00000000, ECX=0x76fd8c40, EDX=0x6120726f
ESP=0x004bf080, EBP=0x63696c70, ESI=0x0af60b68, EDI=0x11d04800
EIP=0x6f697461, EFLAGS=0x00010212

Top of Stack: (sp=0x004bf080)
0x004bf080:   6572206e 73657571 0a0d2e74 11c2000a
0x004bf090:   00000000 00000000 00000000 00000000
0x004bf0a0:   00000000 00000000 00000000 00000000
0x004bf0b0:   00000000 00000000 00000000 00000000
0x004bf0c0:   00000000 00000000 00000000 00000000
0x004bf0d0:   00000000 00000000 00000000 00000000
0x004bf0e0:   00000000 00000000 004bf378 6322dc3d
0x004bf0f0:   004bf118 76fdadb0 abababab 7759e6ac 

Instructions: (pc=0x6f697461)
0x6f697451:   
[error occurred during error reporting (printing registers, top of stack, instructions near pc), id 0xc0000005]

Stack: [0x00470000,0x004c0000],  sp=0x004bf080,  free space=316k
Native frames: (J=compiled Java code, j=interpreted, Vv=VM code, C=native code)
C  0x6f697461

[error occurred during error reporting (printing native stack), id 0xc0000005]

Java frames: (J=compiled Java code, j=interpreted, Vv=VM code)
J  gnu.io.RXTXPort.readByte()I
J  gnu.io.RXTXPort$SerialInputStream.read()I
J  processing.app.Serial.serialEvent(Lgnu/io/SerialPortEvent;)V
J  gnu.io.RXTXPort.sendEvent(IZ)Z
v  ~StubRoutines::call_stub
j  gnu.io.RXTXPort.eventLoop()V+0
j  gnu.io.RXTXPort$MonitorThread.run()V+12
v  ~StubRoutines::call_stub

---------------  P R O C E S S  ---------------

Java Threads: ( => current thread )
=>0x11d04800 JavaThread "Thread-233" [_thread_in_native, id=2152, stack(0x00470000,0x004c0000)]
  0x11d04400 JavaThread "AWT-EventQueue-0" [_thread_blocked, id=5948, stack(0x00550000,0x005a0000)]
  0x11d03c00 JavaThread "DestroyJavaVM" [_thread_blocked, id=9644, stack(0x02240000,0x02290000)]
  0x104cac00 JavaThread "TimerQueue" daemon [_thread_blocked, id=12008, stack(0x11cb0000,0x11d00000)]
  0x104c9800 JavaThread "AWT-Windows" daemon [_thread_in_native, id=9700, stack(0x10e90000,0x10ee0000)]
  0x104c9400 JavaThread "AWT-Shutdown" [_thread_blocked, id=4712, stack(0x10dd0000,0x10e20000)]
  0x104c8c00 JavaThread "Java2D Disposer" daemon [_thread_blocked, id=12588, stack(0x10d40000,0x10d90000)]
  0x104ca400 JavaThread "Low Memory Detector" daemon [_thread_blocked, id=8628, stack(0x108d0000,0x10920000)]
  0x104d1c00 JavaThread "CompilerThread0" daemon [_thread_blocked, id=2976, stack(0x10840000,0x10890000)]
  0x104c8800 JavaThread "Attach Listener" daemon [_thread_blocked, id=7076, stack(0x107b0000,0x10800000)]
  0x104cb000 JavaThread "Signal Dispatcher" daemon [_thread_blocked, id=11948, stack(0x10720000,0x10770000)]
  0x104acc00 JavaThread "Finalizer" daemon [_thread_blocked, id=368, stack(0x10690000,0x106e0000)]
  0x104a8400 JavaThread "Reference Handler" daemon [_thread_blocked, id=7876, stack(0x10600000,0x10650000)]

Other Threads:
  0x104a4800 VMThread [stack: 0x10570000,0x105c0000] [id=84]
  0x104e1000 WatcherThread [stack: 0x10960000,0x109b0000] [id=12636]

VM state:not at safepoint (normal execution)

VM Mutex/Monitor currently owned by a thread: None

Heap
 def new generation   total 9088K, used 4912K [0x04430000, 0x04e00000, 0x04e00000)
  eden space 8128K,  52% used [0x04430000, 0x0485fa28, 0x04c20000)
  from space 960K,  65% used [0x04d10000, 0x04dac930, 0x04e00000)
  to   space 960K,   0% used [0x04c20000, 0x04c20000, 0x04d10000)
 tenured generation   total 121024K, used 110806K [0x04e00000, 0x0c430000, 0x0c430000)
   the space 121024K,  91% used [0x04e00000, 0x0ba35b70, 0x0ba35c00, 0x0c430000)
 compacting perm gen  total 12288K, used 12235K [0x0c430000, 0x0d030000, 0x10430000)
   the space 12288K,  99% used [0x0c430000, 0x0d022c10, 0x0d022e00, 0x0d030000)
No shared spaces configured.

Dynamic libraries:
0x00400000 - 0x00424000 	C:\projects\arduino-1.0.5-r2\java\bin\javaw.exe
0x77530000 - 0x776b3000 	C:\WINDOWS\SYSTEM32\ntdll.dll
0x74fa0000 - 0x75080000 	C:\WINDOWS\System32\KERNEL32.DLL
0x76f10000 - 0x770b1000 	C:\WINDOWS\System32\KERNELBASE.dll
0x766e0000 - 0x76757000 	C:\WINDOWS\System32\ADVAPI32.dll
0x74ba0000 - 0x74c5e000 	C:\WINDOWS\System32\msvcrt.dll
0x76ec0000 - 0x76f01000 	C:\WINDOWS\System32\sechost.dll
0x748b0000 - 0x74971000 	C:\WINDOWS\System32\RPCRT4.dll
0x73ff0000 - 0x7400e000 	C:\WINDOWS\System32\SspiCli.dll
0x73fe0000 - 0x73fea000 	C:\WINDOWS\System32\CRYPTBASE.dll
0x76e60000 - 0x76eba000 	C:\WINDOWS\System32\bcryptPrimitives.dll
0x74590000 - 0x746ef000 	C:\WINDOWS\System32\USER32.dll
0x74f70000 - 0x74f85000 	C:\WINDOWS\System32\win32u.dll
0x74710000 - 0x7473b000 	C:\WINDOWS\System32\GDI32.dll
0x74430000 - 0x7458a000 	C:\WINDOWS\System32\gdi32full.dll
0x74da0000 - 0x74dc5000 	C:\WINDOWS\System32\IMM32.DLL
0x7c340000 - 0x7c396000 	C:\projects\arduino-1.0.5-r2\java\bin\msvcr71.dll
0x6d8b0000 - 0x6db3b000 	C:\projects\arduino-1.0.5-r2\java\bin\client\jvm.dll
0x73310000 - 0x73334000 	C:\WINDOWS\SYSTEM32\WINMM.dll
0x01e80000 - 0x01ea3000 	C:\WINDOWS\SYSTEM32\WINMMBASE.dll
0x76850000 - 0x76886000 	C:\WINDOWS\System32\cfgmgr32.dll
0x70e60000 - 0x70ef2000 	C:\WINDOWS\system32\apphelp.dll
0x6d860000 - 0x6d86c000 	C:\projects\arduino-1.0.5-r2\java\bin\verify.dll
0x6d3e0000 - 0x6d3ff000 	C:\projects\arduino-1.0.5-r2\java\bin\java.dll
0x6d340000 - 0x6d348000 	C:\projects\arduino-1.0.5-r2\java\bin\hpi.dll
0x75080000 - 0x75086000 	C:\WINDOWS\System32\PSAPI.DLL
0x6d8a0000 - 0x6d8af000 	C:\projects\arduino-1.0.5-r2\java\bin\zip.dll
0x72d60000 - 0x72d73000 	C:\WINDOWS\SYSTEM32\CRYPTSP.dll
0x72d30000 - 0x72d5f000 	C:\WINDOWS\system32\rsaenh.dll
0x73000000 - 0x7301b000 	C:\WINDOWS\SYSTEM32\bcrypt.dll
0x73fc0000 - 0x73fda000 	C:\WINDOWS\SYSTEM32\USERENV.dll
0x77250000 - 0x77330000 	C:\WINDOWS\System32\ucrtbase.dll
0x74f60000 - 0x74f6f000 	C:\WINDOWS\System32\profapi.dll
0x6d6c0000 - 0x6d6d3000 	C:\projects\arduino-1.0.5-r2\java\bin\net.dll
0x77330000 - 0x77393000 	C:\WINDOWS\System32\WS2_32.dll
0x72fb0000 - 0x72ffe000 	C:\WINDOWS\system32\mswsock.dll
0x70e40000 - 0x70e52000 	C:\WINDOWS\system32\napinsp.dll
0x6b130000 - 0x6b146000 	C:\WINDOWS\system32\pnrpnsp.dll
0x6b110000 - 0x6b124000 	C:\WINDOWS\system32\NLAapi.dll
0x72b00000 - 0x72b7d000 	C:\WINDOWS\SYSTEM32\DNSAPI.dll
0x74420000 - 0x74427000 	C:\WINDOWS\System32\NSI.dll
0x730b0000 - 0x730df000 	C:\WINDOWS\SYSTEM32\IPHLPAPI.DLL
0x71fc0000 - 0x71fcc000 	C:\WINDOWS\System32\winrnr.dll
0x6b0f0000 - 0x6b101000 	C:\WINDOWS\System32\wshbth.dll
0x72aa0000 - 0x72aa8000 	C:\Windows\System32\rasadhlp.dll
0x72ab0000 - 0x72af9000 	C:\WINDOWS\System32\fwpuclnt.dll
0x10bb0000 - 0x10bfc000 	C:\Users\Raul Mendoza\AppData\Local\Temp\jna8472829976653611916.tmp
0x6d0b0000 - 0x6d1fa000 	C:\projects\arduino-1.0.5-r2\java\bin\awt.dll
0x74cb0000 - 0x74d9c000 	C:\WINDOWS\System32\ole32.dll
0x74980000 - 0x74b91000 	C:\WINDOWS\System32\combase.dll
0x72a30000 - 0x72a9a000 	C:\WINDOWS\SYSTEM32\WINSPOOL.DRV
0x67b00000 - 0x67d64000 	C:\WINDOWS\AppPatch\AcGenral.DLL
0x74f10000 - 0x74f56000 	C:\WINDOWS\System32\SHLWAPI.dll
0x773a0000 - 0x77434000 	C:\WINDOWS\System32\OLEAUT32.dll
0x76570000 - 0x765eb000 	C:\WINDOWS\System32\msvcp_win.dll
0x72f30000 - 0x72fa5000 	C:\WINDOWS\SYSTEM32\UxTheme.dll
0x6b0d0000 - 0x6b0e5000 	C:\WINDOWS\SYSTEM32\samcli.dll
0x750a0000 - 0x76478000 	C:\WINDOWS\System32\SHELL32.dll
0x6b0b0000 - 0x6b0c8000 	C:\WINDOWS\SYSTEM32\MSACM32.dll
0x768f0000 - 0x76e5e000 	C:\WINDOWS\System32\windows.storage.dll
0x72930000 - 0x72938000 	C:\WINDOWS\SYSTEM32\VERSION.dll
0x77440000 - 0x77485000 	C:\WINDOWS\System32\powrprof.dll
0x75090000 - 0x7509d000 	C:\WINDOWS\System32\kernel.appcore.dll
0x76650000 - 0x766d8000 	C:\WINDOWS\System32\shcore.dll
0x72f10000 - 0x72f2f000 	C:\WINDOWS\SYSTEM32\dwmapi.dll
0x71190000 - 0x71325000 	C:\WINDOWS\SYSTEM32\urlmon.dll
0x6b090000 - 0x6b0a6000 	C:\WINDOWS\SYSTEM32\MPR.dll
0x70f60000 - 0x7118b000 	C:\WINDOWS\SYSTEM32\iertutil.dll
0x71db0000 - 0x71fba000 	C:\WINDOWS\WinSxS\x86_microsoft.windows.common-controls_6595b64144ccf1df_6.0.14393.953_none_89c2555adb023171\comctl32.dll
0x74dd0000 - 0x74f05000 	C:\WINDOWS\System32\MSCTF.dll
0x6d2e0000 - 0x6d334000 	C:\projects\arduino-1.0.5-r2\java\bin\fontmanager.dll
0x6d6e0000 - 0x6d6e9000 	C:\projects\arduino-1.0.5-r2\java\bin\nio.dll
0x76760000 - 0x767e4000 	C:\WINDOWS\System32\clbcatq.dll
0x6b040000 - 0x6b084000 	C:\WINDOWS\system32\dataexchange.dll
0x677b0000 - 0x678c3000 	C:\WINDOWS\system32\dcomp.dll
0x678d0000 - 0x67b00000 	C:\WINDOWS\system32\d3d11.dll
0x67720000 - 0x677a3000 	C:\WINDOWS\system32\dxgi.dll
0x67620000 - 0x67711000 	C:\WINDOWS\system32\twinapi.appcore.dll
0x11c20000 - 0x11c32000 	C:\projects\arduino-1.0.5-r2\rxtxSerial.dll
0x11c40000 - 0x11c67000 	C:\WINDOWS\SYSTEM32\crtdll.dll

VM Arguments:
jvm_args: -Xms128m -Xmx128m 
java_command: processing.app.Base
Launcher Type: SUN_STANDARD

Environment Variables:
PATH=C:\Program Files (x86)\Intel\iCLS Client\;C:\Program Files\Intel\iCLS Client\;C:\WINDOWS\system32;C:\WINDOWS;C:\WINDOWS\System32\Wbem;C:\WINDOWS\System32\WindowsPowerShell\v1.0\;C:\Program Files (x86)\Intel\Intel(R) Management Engine Components\DAL;C:\Program Files\Intel\Intel(R) Management Engine Components\DAL;C:\Program Files (x86)\Intel\Intel(R) Management Engine Components\IPT;C:\Program Files\Intel\Intel(R) Management Engine Components\IPT;C:\Users\Raul Mendoza\AppData\Local\Microsoft\WindowsApps;;C:\projects\arduino-1.0.5-r2\java\bin
USERNAME=Raul Mendoza
OS=Windows_NT
PROCESSOR_IDENTIFIER=Intel64 Family 6 Model 78 Stepping 3, GenuineIntel



---------------  S Y S T E M  ---------------

OS: Windows NT 6.2 Build 9200 

CPU:total 4 (8 cores per cpu, 2 threads per core) family 6 model 78 stepping 3, cmov, cx8, fxsr, mmx, sse, sse2, sse3, ssse3, sse4.1, sse4.2, ht

Memory: 4k page, physical 2097151k(2097151k free), swap 4194303k(4194303k free)

vm_info: Java HotSpot(TM) Client VM (14.2-b01) for windows-x86 JRE (1.6.0_16-b01), built on Jul 31 2009 11:26:58 by "java_re" with MS VC++ 7.1

time: Sat Sep 09 00:38:59 2017
elapsed time: 1464 seconds

