#
# A fatal error has been detected by the Java Runtime Environment:
#
#  EXCEPTION_ACCESS_VIOLATION (0xc0000005) at pc=0x6f697461, pid=7368, tid=3676
#
# JRE version: 6.0_16-b01
# Java VM: Java HotSpot(TM) Client VM (14.2-b01 mixed mode windows-x86 )
# Problematic frame:
# C  0x6f697461
#
# If you would like to submit a bug report, please visit:
#   http://java.sun.com/webapps/bugreport/crash.jsp
# The crash happened outside the Java Virtual Machine in native code.
# See problematic frame for where to report the bug.
#

---------------  T H R E A D  ---------------

Current thread (0x11e02400):  JavaThread "Thread-6837" [_thread_in_native, id=3676, stack(0x00470000,0x004c0000)]

siginfo: ExceptionCode=0xc0000005, reading address 0x6f697461

Registers:
EAX=0x6120726f, EBX=0x00000000, ECX=0xf648a569, EDX=0x6120726f
ESP=0x004bef00, EBP=0x63696c70, ESI=0x0ab943a8, EDI=0x11e02400
EIP=0x6f697461, EFLAGS=0x00010216

Top of Stack: (sp=0x004bef00)
0x004bef00:   6572206e 73657571 0a0d2e74 11c5000a
0x004bef10:   00000000 00000000 00000000 00000000
0x004bef20:   00000000 00000000 00000000 00000000
0x004bef30:   00000000 00000000 00000000 00000000
0x004bef40:   00000000 00000000 00000000 00000000
0x004bef50:   00000000 00000000 00000000 00000000
0x004bef60:   751f6cb4 3eeec839 00000000 004bef98
0x004bef70:   751f8754 abababab 77ba1dec 751f8778 

Instructions: (pc=0x6f697461)
0x6f697451:   
[error occurred during error reporting (printing registers, top of stack, instructions near pc), id 0xc0000005]

Stack: [0x00470000,0x004c0000],  sp=0x004bef00,  free space=315k
Native frames: (J=compiled Java code, j=interpreted, Vv=VM code, C=native code)
C  0x6f697461

[error occurred during error reporting (printing native stack), id 0xc0000005]

Java frames: (J=compiled Java code, j=interpreted, Vv=VM code)
J  gnu.io.RXTXPort.readByte()I
J  gnu.io.RXTXPort$SerialInputStream.read()I
J  processing.app.Serial.serialEvent(Lgnu/io/SerialPortEvent;)V
J  gnu.io.RXTXPort.sendEvent(IZ)Z
v  ~StubRoutines::call_stub
j  gnu.io.RXTXPort.eventLoop()V+0
j  gnu.io.RXTXPort$MonitorThread.run()V+12
v  ~StubRoutines::call_stub

---------------  P R O C E S S  ---------------

Java Threads: ( => current thread )
=>0x11e02400 JavaThread "Thread-6837" [_thread_in_native, id=3676, stack(0x00470000,0x004c0000)]
  0x02709000 JavaThread "DestroyJavaVM" [_thread_blocked, id=3652, stack(0x00660000,0x006b0000)]
  0x10b91400 JavaThread "TimerQueue" daemon [_thread_blocked, id=9384, stack(0x11ce0000,0x11d30000)]
  0x10afa000 JavaThread "AWT-EventQueue-0" [_thread_blocked, id=3168, stack(0x118f0000,0x11940000)]
  0x10af7400 JavaThread "AWT-Windows" daemon [_thread_in_native, id=2196, stack(0x10e90000,0x10ee0000)]
  0x10ac3800 JavaThread "AWT-Shutdown" [_thread_blocked, id=2408, stack(0x10e00000,0x10e50000)]
  0x10ac3000 JavaThread "Java2D Disposer" daemon [_thread_blocked, id=1236, stack(0x10d70000,0x10dc0000)]
  0x02155000 JavaThread "Low Memory Detector" daemon [_thread_blocked, id=2688, stack(0x10910000,0x10960000)]
  0x0214ec00 JavaThread "CompilerThread0" daemon [_thread_blocked, id=1608, stack(0x10880000,0x108d0000)]
  0x0214e400 JavaThread "Attach Listener" daemon [_thread_blocked, id=4620, stack(0x107f0000,0x10840000)]
  0x02148800 JavaThread "Signal Dispatcher" daemon [_thread_blocked, id=4932, stack(0x10760000,0x107b0000)]
  0x02129800 JavaThread "Finalizer" daemon [_thread_blocked, id=7064, stack(0x10710000,0x10760000)]
  0x02128400 JavaThread "Reference Handler" daemon [_thread_blocked, id=6836, stack(0x02630000,0x02680000)]

Other Threads:
  0x02124800 VMThread [stack: 0x025a0000,0x025f0000] [id=10236]
  0x02159000 WatcherThread [stack: 0x109a0000,0x109f0000] [id=6352]

VM state:not at safepoint (normal execution)

VM Mutex/Monitor currently owned by a thread: None

Heap
 def new generation   total 9088K, used 627K [0x04710000, 0x050e0000, 0x050e0000)
  eden space 8128K,   5% used [0x04710000, 0x047835c8, 0x04f00000)
  from space 960K,  17% used [0x04ff0000, 0x05019858, 0x050e0000)
  to   space 960K,   0% used [0x04f00000, 0x04f00000, 0x04ff0000)
 tenured generation   total 121024K, used 93760K [0x050e0000, 0x0c710000, 0x0c710000)
   the space 121024K,  77% used [0x050e0000, 0x0ac70120, 0x0ac70200, 0x0c710000)
 compacting perm gen  total 12544K, used 12383K [0x0c710000, 0x0d350000, 0x10710000)
   the space 12544K,  98% used [0x0c710000, 0x0d327e08, 0x0d328000, 0x0d350000)
No shared spaces configured.

Dynamic libraries:
0x00400000 - 0x00424000 	C:\projects\arduino-1.0.5-r2\java\bin\javaw.exe
0x77b30000 - 0x77cbe000 	C:\WINDOWS\SYSTEM32\ntdll.dll
0x76450000 - 0x76520000 	C:\WINDOWS\System32\KERNEL32.DLL
0x75110000 - 0x752d2000 	C:\WINDOWS\System32\KERNELBASE.dll
0x746a0000 - 0x74717000 	C:\WINDOWS\System32\ADVAPI32.dll
0x75ac0000 - 0x75b7d000 	C:\WINDOWS\System32\msvcrt.dll
0x76310000 - 0x76351000 	C:\WINDOWS\System32\sechost.dll
0x74740000 - 0x74800000 	C:\WINDOWS\System32\RPCRT4.dll
0x74600000 - 0x74620000 	C:\WINDOWS\System32\SspiCli.dll
0x745f0000 - 0x745fa000 	C:\WINDOWS\System32\CRYPTBASE.dll
0x75d00000 - 0x75d57000 	C:\WINDOWS\System32\bcryptPrimitives.dll
0x77960000 - 0x77a9c000 	C:\WINDOWS\System32\USER32.dll
0x762f0000 - 0x76306000 	C:\WINDOWS\System32\win32u.dll
0x74800000 - 0x74821000 	C:\WINDOWS\System32\GDI32.dll
0x74840000 - 0x74998000 	C:\WINDOWS\System32\gdi32full.dll
0x74620000 - 0x74699000 	C:\WINDOWS\System32\msvcp_win.dll
0x75f20000 - 0x76038000 	C:\WINDOWS\System32\ucrtbase.dll
0x74a50000 - 0x74a75000 	C:\WINDOWS\System32\IMM32.DLL
0x7c340000 - 0x7c396000 	C:\projects\arduino-1.0.5-r2\java\bin\msvcr71.dll
0x6d8b0000 - 0x6db3b000 	C:\projects\arduino-1.0.5-r2\java\bin\client\jvm.dll
0x73ec0000 - 0x73ee4000 	C:\WINDOWS\SYSTEM32\WINMM.dll
0x73970000 - 0x73993000 	C:\WINDOWS\SYSTEM32\WINMMBASE.dll
0x74bb0000 - 0x74be9000 	C:\WINDOWS\System32\cfgmgr32.dll
0x62ef0000 - 0x62f83000 	C:\WINDOWS\system32\apphelp.dll
0x6d860000 - 0x6d86c000 	C:\projects\arduino-1.0.5-r2\java\bin\verify.dll
0x6d3e0000 - 0x6d3ff000 	C:\projects\arduino-1.0.5-r2\java\bin\java.dll
0x6d340000 - 0x6d348000 	C:\projects\arduino-1.0.5-r2\java\bin\hpi.dll
0x74730000 - 0x74736000 	C:\WINDOWS\System32\PSAPI.DLL
0x6d8a0000 - 0x6d8af000 	C:\projects\arduino-1.0.5-r2\java\bin\zip.dll
0x73390000 - 0x733a3000 	C:\WINDOWS\SYSTEM32\CRYPTSP.dll
0x73360000 - 0x7338f000 	C:\WINDOWS\system32\rsaenh.dll
0x73660000 - 0x73678000 	C:\WINDOWS\SYSTEM32\bcrypt.dll
0x745c0000 - 0x745e2000 	C:\WINDOWS\SYSTEM32\USERENV.dll
0x74ba0000 - 0x74bb0000 	C:\WINDOWS\System32\profapi.dll
0x6d6c0000 - 0x6d6d3000 	C:\projects\arduino-1.0.5-r2\java\bin\net.dll
0x76280000 - 0x762e7000 	C:\WINDOWS\System32\WS2_32.dll
0x73610000 - 0x7365e000 	C:\WINDOWS\system32\mswsock.dll
0x62ed0000 - 0x62ee1000 	C:\WINDOWS\system32\napinsp.dll
0x62eb0000 - 0x62ec6000 	C:\WINDOWS\system32\pnrpnsp.dll
0x62e90000 - 0x62ea3000 	C:\WINDOWS\system32\NLAapi.dll
0x73140000 - 0x731bf000 	C:\WINDOWS\SYSTEM32\DNSAPI.dll
0x74a40000 - 0x74a47000 	C:\WINDOWS\System32\NSI.dll
0x73e90000 - 0x73ebf000 	C:\WINDOWS\SYSTEM32\IPHLPAPI.DLL
0x62e80000 - 0x62e8b000 	C:\WINDOWS\System32\winrnr.dll
0x62e70000 - 0x62e80000 	C:\WINDOWS\System32\wshbth.dll
0x730e0000 - 0x730e8000 	C:\Windows\System32\rasadhlp.dll
0x730f0000 - 0x7313a000 	C:\WINDOWS\System32\fwpuclnt.dll
0x10bf0000 - 0x10c3c000 	C:\Users\Raul Mendoza\AppData\Local\Temp\jna269792839895443289.tmp
0x6d0b0000 - 0x6d1fa000 	C:\projects\arduino-1.0.5-r2\java\bin\awt.dll
0x75010000 - 0x75103000 	C:\WINDOWS\System32\ole32.dll
0x76040000 - 0x76278000 	C:\WINDOWS\System32\combase.dll
0x73070000 - 0x730de000 	C:\WINDOWS\SYSTEM32\WINSPOOL.DRV
0x62c10000 - 0x62e64000 	C:\WINDOWS\AppPatch\AcGenral.DLL
0x74b50000 - 0x74b95000 	C:\WINDOWS\System32\SHLWAPI.dll
0x749a0000 - 0x74a36000 	C:\WINDOWS\System32\OLEAUT32.dll
0x765b0000 - 0x778f8000 	C:\WINDOWS\System32\SHELL32.dll
0x73590000 - 0x73608000 	C:\WINDOWS\SYSTEM32\UxTheme.dll
0x6e570000 - 0x6e585000 	C:\WINDOWS\SYSTEM32\samcli.dll
0x77aa0000 - 0x77b2c000 	C:\WINDOWS\System32\shcore.dll
0x721e0000 - 0x721e8000 	C:\WINDOWS\SYSTEM32\VERSION.dll
0x752e0000 - 0x75867000 	C:\WINDOWS\System32\windows.storage.dll
0x62bf0000 - 0x62c08000 	C:\WINDOWS\SYSTEM32\MSACM32.dll
0x75870000 - 0x7587e000 	C:\WINDOWS\System32\kernel.appcore.dll
0x74aa0000 - 0x74ae5000 	C:\WINDOWS\System32\powrprof.dll
0x73560000 - 0x73583000 	C:\WINDOWS\SYSTEM32\dwmapi.dll
0x71f80000 - 0x7211c000 	C:\WINDOWS\SYSTEM32\urlmon.dll
0x717a0000 - 0x719b3000 	C:\WINDOWS\SYSTEM32\iertutil.dll
0x6f1e0000 - 0x6f1f6000 	C:\WINDOWS\SYSTEM32\MPR.dll
0x728e0000 - 0x72aee000 	C:\WINDOWS\WinSxS\x86_microsoft.windows.common-controls_6595b64144ccf1df_6.0.15063.483_none_6dad63fefc436da8\comctl32.dll
0x75970000 - 0x75ab6000 	C:\WINDOWS\System32\MSCTF.dll
0x6d2e0000 - 0x6d334000 	C:\projects\arduino-1.0.5-r2\java\bin\fontmanager.dll
0x6d6e0000 - 0x6d6e9000 	C:\projects\arduino-1.0.5-r2\java\bin\nio.dll
0x76520000 - 0x765a3000 	C:\WINDOWS\System32\clbcatq.dll
0x69ed0000 - 0x69f13000 	C:\WINDOWS\system32\dataexchange.dll
0x69de0000 - 0x69ecb000 	C:\WINDOWS\system32\dcomp.dll
0x69b80000 - 0x69dd2000 	C:\WINDOWS\system32\d3d11.dll
0x69af0000 - 0x69b7a000 	C:\WINDOWS\system32\dxgi.dll
0x6e7a0000 - 0x6e8d6000 	C:\WINDOWS\system32\twinapi.appcore.dll
0x11c50000 - 0x11c62000 	C:\projects\arduino-1.0.5-r2\rxtxSerial.dll
0x11c70000 - 0x11c97000 	C:\WINDOWS\SYSTEM32\crtdll.dll
0x6a440000 - 0x6a4a7000 	C:\WINDOWS\System32\TextInputFramework.dll
0x6a180000 - 0x6a20f000 	C:\WINDOWS\System32\CoreMessaging.dll
0x6a210000 - 0x6a437000 	C:\WINDOWS\System32\CoreUIComponents.dll
0x733b0000 - 0x733d8000 	C:\WINDOWS\SYSTEM32\ntmarta.dll
0x72dd0000 - 0x72ea1000 	C:\WINDOWS\SYSTEM32\wintypes.dll
0x6a170000 - 0x6a180000 	C:\WINDOWS\SYSTEM32\usermgrcli.dll
0x76360000 - 0x7644f000 	C:\WINDOWS\System32\COMDLG32.DLL
0x62b60000 - 0x62be1000 	C:\Program Files (x86)\Common Files\microsoft shared\ink\tiptsf.dll
0x62b20000 - 0x62b5c000 	C:\WINDOWS\SYSTEM32\edputil.dll
0x69ff0000 - 0x6a162000 	C:\WINDOWS\SYSTEM32\WindowsCodecs.dll
0x62ad0000 - 0x62b17000 	C:\Windows\System32\thumbcache.dll
0x733e0000 - 0x73544000 	C:\WINDOWS\system32\propsys.dll
0x62a00000 - 0x62ac6000 	C:\WINDOWS\SYSTEM32\ntshrui.dll
0x629e0000 - 0x629fc000 	C:\WINDOWS\SYSTEM32\srvcli.dll
0x629d0000 - 0x629df000 	C:\WINDOWS\SYSTEM32\cscapi.dll
0x62940000 - 0x629c9000 	C:\WINDOWS\System32\StructuredQuery.dll
0x628d0000 - 0x62934000 	C:\WINDOWS\SYSTEM32\policymanager.dll
0x62860000 - 0x628c6000 	C:\WINDOWS\SYSTEM32\msvcp110_win.dll
0x627b0000 - 0x6285c000 	C:\WINDOWS\system32\Windows.Storage.Search.dll
0x623b0000 - 0x627ae000 	C:\Windows\System32\Windows.StateRepository.dll
0x6eac0000 - 0x6eb47000 	C:\Windows\System32\StateRepository.Core.dll
0x62130000 - 0x623af000 	C:\Users\Raul Mendoza\AppData\Local\Microsoft\OneDrive\17.3.7073.1013\FileSyncShell.dll
0x72af0000 - 0x72db1000 	C:\WINDOWS\SYSTEM32\WININET.dll
0x62110000 - 0x62122000 	C:\WINDOWS\system32\mssprxy.dll
0x61fe0000 - 0x62104000 	C:\WINDOWS\system32\NetworkExplorer.dll
0x62f90000 - 0x63208000 	C:\Windows\System32\OneCoreUAPCommonProxyStub.dll
0x5cad0000 - 0x5cb20000 	C:\WINDOWS\system32\Ninput.dll
0x73350000 - 0x7335a000 	C:\WINDOWS\SYSTEM32\Secur32.dll
0x595b0000 - 0x595c9000 	C:\WINDOWS\SYSTEM32\SAMLIB.dll
0x73000000 - 0x7300b000 	C:\WINDOWS\SYSTEM32\netutils.dll
0x595a0000 - 0x595a9000 	C:\WINDOWS\System32\drprov.dll
0x74560000 - 0x745a2000 	C:\WINDOWS\System32\WINSTA.dll
0x59580000 - 0x59592000 	C:\WINDOWS\System32\ntlanman.dll
0x59560000 - 0x5957a000 	C:\WINDOWS\System32\davclnt.dll
0x59550000 - 0x5955a000 	C:\WINDOWS\System32\DAVHLPR.dll
0x73010000 - 0x73020000 	C:\WINDOWS\System32\wkscli.dll
0x59510000 - 0x59550000 	C:\Windows\System32\dlnashext.dll
0x594b0000 - 0x59506000 	C:\Windows\System32\PlayToDevice.dll
0x592d0000 - 0x594a2000 	C:\WINDOWS\system32\wpdshext.dll
0x725e0000 - 0x72746000 	C:\WINDOWS\WinSxS\x86_microsoft.windows.gdiplus_6595b64144ccf1df_1.1.15063.608_none_9e9d5d4256d15def\gdiplus.dll
0x59240000 - 0x592c3000 	C:\Windows\System32\PortableDeviceApi.dll
0x74bf0000 - 0x7500a000 	C:\WINDOWS\System32\SETUPAPI.dll
0x74530000 - 0x74552000 	C:\WINDOWS\System32\DEVOBJ.dll
0x75d60000 - 0x75da4000 	C:\WINDOWS\System32\WINTRUST.dll
0x74830000 - 0x7483e000 	C:\WINDOWS\System32\MSASN1.dll
0x75b80000 - 0x75cfd000 	C:\WINDOWS\System32\CRYPT32.dll
0x591f0000 - 0x59231000 	C:\WINDOWS\system32\audiodev.dll
0x58fd0000 - 0x591e7000 	C:\WINDOWS\system32\WMVCore.DLL

VM Arguments:
jvm_args: -Xms128m -Xmx128m 
java_command: processing.app.Base
Launcher Type: SUN_STANDARD

Environment Variables:
PATH=C:\Program Files (x86)\Intel\iCLS Client\;C:\Program Files\Intel\iCLS Client\;C:\WINDOWS\system32;C:\WINDOWS;C:\WINDOWS\System32\Wbem;C:\WINDOWS\System32\WindowsPowerShell\v1.0\;C:\Program Files (x86)\Intel\Intel(R) Management Engine Components\DAL;C:\Program Files\Intel\Intel(R) Management Engine Components\DAL;C:\Program Files (x86)\Intel\Intel(R) Management Engine Components\IPT;C:\Program Files\Intel\Intel(R) Management Engine Components\IPT;C:\Users\Raul Mendoza\AppData\Local\Microsoft\WindowsApps;;C:\projects\arduino-1.0.5-r2\java\bin
USERNAME=Raul Mendoza
OS=Windows_NT
PROCESSOR_IDENTIFIER=Intel64 Family 6 Model 78 Stepping 3, GenuineIntel



---------------  S Y S T E M  ---------------

OS: Windows NT 6.2 Build 9200 

CPU:total 4 (8 cores per cpu, 2 threads per core) family 6 model 78 stepping 3, cmov, cx8, fxsr, mmx, sse, sse2, sse3, ssse3, sse4.1, sse4.2, ht

Memory: 4k page, physical 2097151k(2097151k free), swap 4194303k(4194303k free)

vm_info: Java HotSpot(TM) Client VM (14.2-b01) for windows-x86 JRE (1.6.0_16-b01), built on Jul 31 2009 11:26:58 by "java_re" with MS VC++ 7.1

time: Sun Oct 29 11:53:07 2017
elapsed time: 74689 seconds

